<?xml version="1.0" encoding="UTF-8"?>
<robot generator="Robot 7.3 (Python 3.12.5 on win32)" generated="2025-06-13T02:06:49.765508" rpa="false" schemaversion="5">
<suite id="s1" name="CasosTestesProcedural" source="D:\arquivos\Documentos\Automated Tests - Robot\RobotFramework\WebTesting\CasosTestesProcedural.robot">
<test id="s1-t1" name="Caso de Teste 01 - Acesso ao menu &quot;Mais Vendidos&quot;" line="10">
<kw name="Abrir o navegador" owner="amazon_resources" type="SETUP">
<kw name="Open Browser" owner="SeleniumLibrary">
<msg time="2025-06-13T02:06:49.995366" level="INFO">Opening browser 'chrome' to base url 'None'.</msg>
<arg>browser=chrome</arg>
<doc>Opens a new browser instance to the optional ``url``.</doc>
<status status="PASS" start="2025-06-13T02:06:49.995366" elapsed="2.131317"/>
</kw>
<kw name="Maximize Browser Window" owner="SeleniumLibrary">
<doc>Maximizes current browser window.</doc>
<status status="PASS" start="2025-06-13T02:06:52.126683" elapsed="0.056422"/>
</kw>
<status status="PASS" start="2025-06-13T02:06:49.994368" elapsed="2.189308"/>
</kw>
<kw name="Acessar a home page do site Amazon.com.br" owner="amazon_resources">
<kw name="Go To" owner="SeleniumLibrary">
<msg time="2025-06-13T02:06:52.185329" level="INFO">Opening url 'https://www.amazon.com.br'</msg>
<arg>url=${URL}</arg>
<doc>Navigates the current browser window to the provided ``url``.</doc>
<status status="PASS" start="2025-06-13T02:06:52.184771" elapsed="1.277218"/>
</kw>
<kw name="Wait Until Element Is Visible" owner="SeleniumLibrary">
<arg>locator=${MENU_MAISVEND}</arg>
<doc>Waits until the element ``locator`` is visible.</doc>
<status status="PASS" start="2025-06-13T02:06:53.461989" elapsed="0.032290"/>
</kw>
<status status="PASS" start="2025-06-13T02:06:52.184220" elapsed="1.310059"/>
</kw>
<kw name="Entrar no menu Mais Vendidos" owner="amazon_resources">
<kw name="Click Element" owner="SeleniumLibrary">
<msg time="2025-06-13T02:06:53.496464" level="INFO">Clicking element '(//a[normalize-space()='Mais Vendidos'])[1]'.</msg>
<arg>locator=${MENU_MAISVEND}</arg>
<doc>Click the element identified by ``locator``.</doc>
<status status="PASS" start="2025-06-13T02:06:53.495274" elapsed="2.242501"/>
</kw>
<status status="PASS" start="2025-06-13T02:06:53.495274" elapsed="2.242501"/>
</kw>
<kw name="Verificar se aparece a frase &quot;Mais vendidos&quot;" owner="amazon_resources" source_name="Verificar se aparece a frase &quot;${Frase}&quot;">
<kw name="Wait Until Page Contains" owner="SeleniumLibrary">
<arg>text=${Frase}</arg>
<doc>Waits until ``text`` appears on the current page.</doc>
<status status="PASS" start="2025-06-13T02:06:55.738832" elapsed="0.024873"/>
</kw>
<kw name="Wait Until Element Is Visible" owner="SeleniumLibrary">
<arg>locator=${Titulo_MAISVEND}</arg>
<doc>Waits until the element ``locator`` is visible.</doc>
<status status="PASS" start="2025-06-13T02:06:55.764713" elapsed="0.025035"/>
</kw>
<status status="PASS" start="2025-06-13T02:06:55.737775" elapsed="0.053595"/>
</kw>
<kw name="Verificar se o titulo da pagina fica &quot;Amazon.com.br Mais Vendidos: Os itens mais populares na Amazon&quot;" owner="amazon_resources" source_name="Verificar se o titulo da pagina fica &quot;${Titulo}&quot;">
<kw name="Title Should Be" owner="SeleniumLibrary">
<msg time="2025-06-13T02:06:55.801977" level="INFO">Page title is 'Amazon.com.br Mais Vendidos: Os itens mais populares na Amazon'.</msg>
<arg>title=${Titulo}</arg>
<doc>Verifies that the current page title equals ``title``.</doc>
<status status="PASS" start="2025-06-13T02:06:55.792389" elapsed="0.009588"/>
</kw>
<status status="PASS" start="2025-06-13T02:06:55.791370" elapsed="0.010607"/>
</kw>
<kw name="Verificar se aparece a categoria &quot;Apps e Jogos&quot;" owner="amazon_resources" source_name="Verificar se aparece a categoria &quot;${Titulo}&quot;">
<kw name="Wait Until Page Contains" owner="SeleniumLibrary">
<arg>text=${Titulo}</arg>
<doc>Waits until ``text`` appears on the current page.</doc>
<status status="PASS" start="2025-06-13T02:06:55.803052" elapsed="0.023437"/>
</kw>
<status status="PASS" start="2025-06-13T02:06:55.801977" elapsed="0.025513"/>
</kw>
<doc>Esse teste verifica o menu Mais vendidos da Amazon
E com isso validando as informações presentes.</doc>
<tag>menus</tag>
<status status="PASS" start="2025-06-13T02:06:49.993354" elapsed="5.834136"/>
</test>
<doc>Essa switch testa o site da Amazon.com.busca_produtos</doc>
<status status="PASS" start="2025-06-13T02:06:49.766480" elapsed="6.061010"/>
</suite>
<statistics>
<total>
<stat pass="1" fail="0" skip="0">All Tests</stat>
</total>
<tag>
<stat pass="1" fail="0" skip="0">menus</stat>
</tag>
<suite>
<stat name="CasosTestesProcedural" id="s1" pass="1" fail="0" skip="0">CasosTestesProcedural</stat>
</suite>
</statistics>
<errors>
</errors>
</robot>
