<?xml version="1.0" encoding="UTF-8"?>
<robot generator="Robot 7.3 (Python 3.12.5 on win32)" generated="2025-06-12T20:57:31.423022" rpa="false" schemaversion="5">
<suite id="s1" name="CasosTestesProcedural" source="D:\arquivos\Documentos\Automated Tests - Robot\RobotFramework\WebTesting\CasosTestesProcedural.robot">
<test id="s1-t1" name="Caso de Teste 01 - Acesso ao menu &quot;Mais Vendidos&quot;" line="10">
<kw name="Abrir o navegador" owner="amazon_resources" type="SETUP">
<kw name="Open Browser" owner="SeleniumLibrary">
<msg time="2025-06-12T20:57:31.752858" level="INFO">Opening browser 'chrome' to base url 'None'.</msg>
<arg>browser=chrome</arg>
<arg>options=add_experimental_option("detach", True)</arg>
<doc>Opens a new browser instance to the optional ``url``.</doc>
<status status="PASS" start="2025-06-12T20:57:31.752858" elapsed="3.307912"/>
</kw>
<status status="PASS" start="2025-06-12T20:57:31.751819" elapsed="3.309954"/>
</kw>
<kw name="Acessar a home page do site Amazon.com.br" owner="amazon_resources">
<kw name="Go To" owner="SeleniumLibrary">
<msg time="2025-06-12T20:57:35.064791" level="INFO">Opening url 'https://www.amazon.com.br'</msg>
<arg>url=${URL}</arg>
<doc>Navigates the current browser window to the provided ``url``.</doc>
<status status="PASS" start="2025-06-12T20:57:35.063789" elapsed="0.661788"/>
</kw>
<kw name="Wait Until Element Is Visible" owner="SeleniumLibrary">
<msg time="2025-06-12T20:57:42.863401" level="INFO" html="true">&lt;/td&gt;&lt;/tr&gt;&lt;tr&gt;&lt;td colspan="3"&gt;&lt;a href="selenium-screenshot-1.png"&gt;&lt;img src="selenium-screenshot-1.png" width="800px"&gt;&lt;/a&gt;</msg>
<msg time="2025-06-12T20:57:42.863401" level="FAIL">Element 'ti60us-qbnrew-g49tzx-1x869w' not visible after 5 seconds.</msg>
<arg>locator=${MENU_MAISVEND}</arg>
<doc>Waits until the element ``locator`` is visible.</doc>
<status status="FAIL" start="2025-06-12T20:57:35.725577" elapsed="7.217940">Element 'ti60us-qbnrew-g49tzx-1x869w' not visible after 5 seconds.</status>
</kw>
<status status="FAIL" start="2025-06-12T20:57:35.062787" elapsed="7.880730">Element 'ti60us-qbnrew-g49tzx-1x869w' not visible after 5 seconds.</status>
</kw>
<doc>Esse teste verifica o menu Mais vendidos da Amazon
E com isso validando as informações presentes.</doc>
<tag>menus</tag>
<status status="FAIL" start="2025-06-12T20:57:31.750882" elapsed="11.195681">Element 'ti60us-qbnrew-g49tzx-1x869w' not visible after 5 seconds.</status>
</test>
<doc>Essa switch testa o site da Amazon.com.busca_produtos</doc>
<status status="FAIL" start="2025-06-12T20:57:31.424022" elapsed="11.536648"/>
</suite>
<statistics>
<total>
<stat pass="0" fail="1" skip="0">All Tests</stat>
</total>
<tag>
<stat pass="0" fail="1" skip="0">menus</stat>
</tag>
<suite>
<stat name="CasosTestesProcedural" id="s1" pass="0" fail="1" skip="0">CasosTestesProcedural</stat>
</suite>
</statistics>
<errors>
</errors>
</robot>
