<?xml version="1.0" encoding="UTF-8"?>
<robot generator="Robot 7.3 (Python 3.12.5 on win32)" generated="2025-06-13T15:34:33.584713" rpa="false" schemaversion="5">
<suite id="s1" name="CasosTestesProcedural" source="D:\arquivos\Documentos\Automated Tests - Robot\RobotFramework\WebTesting\CasosTestesProcedural.robot">
<test id="s1-t1" name="Caso de Teste 01 - Acesso ao menu Mais Vendidos" line="13">
<kw name="Abrir o navegador" owner="amazon_resources" type="SETUP">
<kw name="Open Browser" owner="SeleniumLibrary">
<msg time="2025-06-13T15:34:33.817331" level="INFO">Opening browser 'chrome' to base url 'None'.</msg>
<arg>browser=chrome</arg>
<doc>Opens a new browser instance to the optional ``url``.</doc>
<status status="PASS" start="2025-06-13T15:34:33.817331" elapsed="2.251649"/>
</kw>
<kw name="Maximize Browser Window" owner="SeleniumLibrary">
<doc>Maximizes current browser window.</doc>
<status status="PASS" start="2025-06-13T15:34:36.068980" elapsed="0.061956"/>
</kw>
<status status="PASS" start="2025-06-13T15:34:33.816237" elapsed="2.314699"/>
</kw>
<kw name="Acessar a home page do site Amazon.com.br" owner="amazon_resources">
<kw name="Go To" owner="SeleniumLibrary">
<msg time="2025-06-13T15:34:36.132935" level="INFO">Opening url 'https://www.amazon.com.br'</msg>
<arg>url=${URL}</arg>
<doc>Navigates the current browser window to the provided ``url``.</doc>
<status status="PASS" start="2025-06-13T15:34:36.131937" elapsed="0.905344"/>
</kw>
<kw name="Wait Until Element Is Visible" owner="SeleniumLibrary">
<msg time="2025-06-13T15:34:45.571853" level="INFO" html="true">&lt;/td&gt;&lt;/tr&gt;&lt;tr&gt;&lt;td colspan="3"&gt;&lt;a href="selenium-screenshot-9.png"&gt;&lt;img src="selenium-screenshot-9.png" width="800px"&gt;&lt;/a&gt;</msg>
<msg time="2025-06-13T15:34:45.572866" level="FAIL">Element '(//a[normalize-space()='Mais Vendidos'])[1]' not visible after 5 seconds.</msg>
<arg>locator=${MENU_MAISVEND}</arg>
<doc>Waits until the element ``locator`` is visible.</doc>
<status status="FAIL" start="2025-06-13T15:34:37.037281" elapsed="8.540014">Element '(//a[normalize-space()='Mais Vendidos'])[1]' not visible after 5 seconds.</status>
</kw>
<status status="FAIL" start="2025-06-13T15:34:36.131937" elapsed="9.445358">Element '(//a[normalize-space()='Mais Vendidos'])[1]' not visible after 5 seconds.</status>
</kw>
<kw name="Entrar no menu Mais Vendidos" owner="amazon_resources">
<status status="NOT RUN" start="2025-06-13T15:34:45.578809" elapsed="0.000000"/>
</kw>
<kw name="Verificar se aparece a frase &quot;Mais vendidos&quot;" owner="amazon_resources" source_name="Verificar se aparece a frase &quot;${Frase}&quot;">
<status status="NOT RUN" start="2025-06-13T15:34:45.578809" elapsed="0.000000"/>
</kw>
<kw name="Verificar se o titulo da pagina fica &quot;Amazon.com.br Mais Vendidos: Os itens mais populares na Amazon&quot;" owner="amazon_resources" source_name="Verificar se o titulo da pagina fica &quot;${Titulo}&quot;">
<status status="NOT RUN" start="2025-06-13T15:34:45.579830" elapsed="0.000000"/>
</kw>
<kw name="Verificar se aparece a categoria &quot;Apps e Jogos&quot;" owner="amazon_resources">
<status status="NOT RUN" start="2025-06-13T15:34:45.579830" elapsed="0.000000"/>
</kw>
<kw name="Clicar na categoria &quot;Apps e Jogos&quot;" owner="amazon_resources">
<status status="NOT RUN" start="2025-06-13T15:34:45.579830" elapsed="0.000995"/>
</kw>
<kw name="Run Keywords" owner="BuiltIn" type="TEARDOWN">
<kw name="Capture Page Screenshot" owner="SeleniumLibrary">
<msg time="2025-06-13T15:34:45.851105" level="INFO" html="true">&lt;/td&gt;&lt;/tr&gt;&lt;tr&gt;&lt;td colspan="3"&gt;&lt;a href="selenium-screenshot-10.png"&gt;&lt;img src="selenium-screenshot-10.png" width="800px"&gt;&lt;/a&gt;</msg>
<doc>Takes a screenshot of the current page and embeds it into a log file.</doc>
<status status="PASS" start="2025-06-13T15:34:45.580825" elapsed="0.270280"/>
</kw>
<kw name="Close Browser" owner="SeleniumLibrary">
<doc>Closes the current browser.</doc>
<status status="PASS" start="2025-06-13T15:34:45.851105" elapsed="2.443793"/>
</kw>
<arg>Capture Page Screenshot</arg>
<arg>AND</arg>
<arg>Close Browser</arg>
<doc>Executes all the given keywords in a sequence.</doc>
<status status="PASS" start="2025-06-13T15:34:45.580825" elapsed="2.715041"/>
</kw>
<doc>Esse teste verifica o menu Mais vendidos da Amazon
E com isso validando as informações presentes.</doc>
<tag>menus</tag>
<status status="FAIL" start="2025-06-13T15:34:33.816237" elapsed="14.479629">Element '(//a[normalize-space()='Mais Vendidos'])[1]' not visible after 5 seconds.</status>
</test>
<test id="s1-t2" name="Caso de Teste 02 - Pesquisa de Produtos" line="24">
<kw name="Abrir o navegador" owner="amazon_resources" type="SETUP">
<kw name="Open Browser" owner="SeleniumLibrary">
<msg time="2025-06-13T15:34:48.297864" level="INFO">Opening browser 'chrome' to base url 'None'.</msg>
<arg>browser=chrome</arg>
<doc>Opens a new browser instance to the optional ``url``.</doc>
<status status="PASS" start="2025-06-13T15:34:48.297864" elapsed="2.122449"/>
</kw>
<kw name="Maximize Browser Window" owner="SeleniumLibrary">
<doc>Maximizes current browser window.</doc>
<status status="PASS" start="2025-06-13T15:34:50.420313" elapsed="0.051303"/>
</kw>
<status status="PASS" start="2025-06-13T15:34:48.296864" elapsed="2.174752"/>
</kw>
<kw name="Acessar a home page do site Amazon.com.br" owner="amazon_resources">
<kw name="Go To" owner="SeleniumLibrary">
<msg time="2025-06-13T15:34:50.474158" level="INFO">Opening url 'https://www.amazon.com.br'</msg>
<arg>url=${URL}</arg>
<doc>Navigates the current browser window to the provided ``url``.</doc>
<status status="PASS" start="2025-06-13T15:34:50.473642" elapsed="1.233851"/>
</kw>
<kw name="Wait Until Element Is Visible" owner="SeleniumLibrary">
<arg>locator=${MENU_MAISVEND}</arg>
<doc>Waits until the element ``locator`` is visible.</doc>
<status status="PASS" start="2025-06-13T15:34:51.707493" elapsed="2.369813"/>
</kw>
<status status="PASS" start="2025-06-13T15:34:50.472637" elapsed="3.604669"/>
</kw>
<kw name="Digitar o nome do produto &quot;Xbox Series S&quot; no campo de Pesquisa" owner="amazon_resources" source_name="Digitar o nome do produto &quot;${Prod}&quot; no campo de Pesquisa">
<kw name="Input Text" owner="SeleniumLibrary">
<msg time="2025-06-13T15:34:54.079334" level="INFO">Typing text 'Xbox Series S' into text field 'twotabsearchtextbox'.</msg>
<arg>locator=twotabsearchtextbox</arg>
<arg>text=${Prod}</arg>
<doc>Types the given ``text`` into the text field identified by ``locator``.</doc>
<status status="PASS" start="2025-06-13T15:34:54.079334" elapsed="0.556349"/>
</kw>
<status status="PASS" start="2025-06-13T15:34:54.078824" elapsed="0.556859"/>
</kw>
<kw name="Clicar no botão de pesquisa" owner="amazon_resources">
<kw name="Click Element" owner="SeleniumLibrary">
<msg time="2025-06-13T15:34:54.636839" level="INFO">Clicking element 'nav-search-submit-text'.</msg>
<arg>locator=nav-search-submit-text</arg>
<doc>Click the element identified by ``locator``.</doc>
<status status="PASS" start="2025-06-13T15:34:54.636839" elapsed="2.535957"/>
</kw>
<status status="PASS" start="2025-06-13T15:34:54.635683" elapsed="2.538118"/>
</kw>
<kw name="Verificar o resultado da pesquisa, listando &quot;Console Xbox Series S&quot; na pesquisa" owner="amazon_resources" source_name="Verificar o resultado da pesquisa, listando &quot;${Prod}&quot; na pesquisa">
<kw name="Element Should Be Visible" owner="SeleniumLibrary">
<msg time="2025-06-13T15:34:57.211957" level="INFO">Element '//span[normalize-space()='Console Xbox Series S']' is displayed.</msg>
<arg>locator=//span[normalize-space()='${Prod}']</arg>
<doc>Verifies that the element identified by ``locator`` is visible.</doc>
<status status="PASS" start="2025-06-13T15:34:57.175240" elapsed="0.036717"/>
</kw>
<status status="PASS" start="2025-06-13T15:34:57.173801" elapsed="0.038156"/>
</kw>
<kw name="Run Keywords" owner="BuiltIn" type="TEARDOWN">
<kw name="Capture Page Screenshot" owner="SeleniumLibrary">
<msg time="2025-06-13T15:34:57.384449" level="INFO" html="true">&lt;/td&gt;&lt;/tr&gt;&lt;tr&gt;&lt;td colspan="3"&gt;&lt;a href="selenium-screenshot-11.png"&gt;&lt;img src="selenium-screenshot-11.png" width="800px"&gt;&lt;/a&gt;</msg>
<doc>Takes a screenshot of the current page and embeds it into a log file.</doc>
<status status="PASS" start="2025-06-13T15:34:57.211957" elapsed="0.172492"/>
</kw>
<kw name="Close Browser" owner="SeleniumLibrary">
<doc>Closes the current browser.</doc>
<status status="PASS" start="2025-06-13T15:34:57.384449" elapsed="2.362419"/>
</kw>
<arg>Capture Page Screenshot</arg>
<arg>AND</arg>
<arg>Close Browser</arg>
<doc>Executes all the given keywords in a sequence.</doc>
<status status="PASS" start="2025-06-13T15:34:57.211957" elapsed="2.534911"/>
</kw>
<doc>Esse teste verifica se existe um produto
E com isso validando as informações presentes.</doc>
<tag>busca_produtos</tag>
<tag>video_games</tag>
<status status="PASS" start="2025-06-13T15:34:48.296864" elapsed="11.450004"/>
</test>
<doc>Essa switch testa o site da Amazon.com.busca_produtos</doc>
<status status="FAIL" start="2025-06-13T15:34:33.588170" elapsed="26.160180"/>
</suite>
<statistics>
<total>
<stat pass="1" fail="1" skip="0">All Tests</stat>
</total>
<tag>
<stat pass="1" fail="0" skip="0">busca_produtos</stat>
<stat pass="0" fail="1" skip="0">menus</stat>
<stat pass="1" fail="0" skip="0">video_games</stat>
</tag>
<suite>
<stat name="CasosTestesProcedural" id="s1" pass="1" fail="1" skip="0">CasosTestesProcedural</stat>
</suite>
</statistics>
<errors>
</errors>
</robot>
